<?xml version="1.0" encoding="UTF-8"?>
<!-- Generated by org.testng.reporters.JUnitXMLReporter -->
<testsuite ignored="0" hostname="gk" failures="0" tests="1" name="Surefire test" time="0.074" errors="0" timestamp="2025-02-16T17:34:21 IST">
  <testcase classname="testCases.BaseClass" name="@BeforeClass setup" time="-1.739707461299E9">
    <failure type="org.testng.TestNGException" message="
Parameter &amp;apos;os&amp;apos; is required by BeforeClass on method setup but has not been marked @Optional or defined
">
      <![CDATA[org.testng.TestNGException: 
Parameter 'os' is required by BeforeClass on method setup but has not been marked @Optional or defined

at java.base/java.util.ArrayList.forEach(ArrayList.java:1596)
... Removed 27 stack frames]]>
    </failure>
  </testcase> <!-- @BeforeClass setup -->
  <testcase classname="testCases.BaseClass" name="@AfterClass tearDown" time="0.0">
    <skipped/>
  </testcase> <!-- @AfterClass tearDown -->
  <testcase classname="testCases.EndToEndTestCase" name="verifyE2EFuncionality" time="0.0">
    <skipped/>
  </testcase> <!-- verifyE2EFuncionality -->
</testsuite> <!-- Surefire test -->
